2019-07-25 18:22:16 [scrapy.utils.log] INFO: Scrapy 1.7.2 started (bot: py_spiders)
2019-07-25 18:22:16 [scrapy.utils.log] INFO: Versions: lxml 4.3.4.0, libxml2 2.9.9, cssselect 1.0.3, parsel 1.5.1, w3lib 1.20.0, Twisted 19.2.1, Python 3.7.4 (default, Jul  9 2019, 18:14:44) - [Clang 9.0.0 (clang-900.0.39.2)], pyOpenSSL 19.0.0 (OpenSSL 1.1.1c  28 May 2019), cryptography 2.7, Platform Darwin-16.7.0-x86_64-i386-64bit
2019-07-25 18:22:16 [scrapy.crawler] INFO: Overridden settings: {'BOT_NAME': 'py_spiders', 'LOG_FILE': 'spider.log', 'LOG_LEVEL': 'INFO', 'NEWSPIDER_MODULE': 'py_spiders.spiders', 'ROBOTSTXT_OBEY': True, 'SPIDER_MODULES': ['py_spiders.spiders'], 'USER_AGENT': 'Mozilla/5.0 (Windows NT 10.0; WOW64) AppleWebKit/537.36 (KHTML, like Gecko) Chrome/69.0.3493.3 Safari/537.36'}
2019-07-25 18:22:16 [scrapy.extensions.telnet] INFO: Telnet Password: 0fb8698cc682609f
2019-07-25 18:22:16 [scrapy.middleware] INFO: Enabled extensions:
['scrapy.extensions.corestats.CoreStats',
 'scrapy.extensions.telnet.TelnetConsole',
 'scrapy.extensions.memusage.MemoryUsage',
 'scrapy.extensions.logstats.LogStats']
2019-07-25 18:22:17 [scrapy.middleware] INFO: Enabled downloader middlewares:
['scrapy.downloadermiddlewares.robotstxt.RobotsTxtMiddleware',
 'scrapy.downloadermiddlewares.httpauth.HttpAuthMiddleware',
 'scrapy.downloadermiddlewares.downloadtimeout.DownloadTimeoutMiddleware',
 'scrapy.downloadermiddlewares.defaultheaders.DefaultHeadersMiddleware',
 'scrapy.downloadermiddlewares.useragent.UserAgentMiddleware',
 'py_spiders.middlewares.PySpidersDownloaderMiddleware',
 'scrapy.downloadermiddlewares.retry.RetryMiddleware',
 'scrapy.downloadermiddlewares.redirect.MetaRefreshMiddleware',
 'scrapy.downloadermiddlewares.httpcompression.HttpCompressionMiddleware',
 'scrapy.downloadermiddlewares.redirect.RedirectMiddleware',
 'scrapy.downloadermiddlewares.cookies.CookiesMiddleware',
 'scrapy.downloadermiddlewares.httpproxy.HttpProxyMiddleware',
 'scrapy.downloadermiddlewares.stats.DownloaderStats']
2019-07-25 18:22:17 [scrapy.middleware] INFO: Enabled spider middlewares:
['scrapy.spidermiddlewares.httperror.HttpErrorMiddleware',
 'scrapy.spidermiddlewares.offsite.OffsiteMiddleware',
 'scrapy.spidermiddlewares.referer.RefererMiddleware',
 'scrapy.spidermiddlewares.urllength.UrlLengthMiddleware',
 'scrapy.spidermiddlewares.depth.DepthMiddleware']
2019-07-25 18:22:17 [scrapy.middleware] INFO: Enabled item pipelines:
['py_spiders.pipelines.DouBan250JsonPipeline',
 'py_spiders.pipelines.DoubanmovieSqlPipeline']
2019-07-25 18:22:17 [scrapy.core.engine] INFO: Spider opened
2019-07-25 18:22:17 [scrapy.extensions.logstats] INFO: Crawled 0 pages (at 0 pages/min), scraped 0 items (at 0 items/min)
2019-07-25 18:22:17 [douban250] INFO: Spider opened: douban250
2019-07-25 18:22:17 [scrapy.extensions.telnet] INFO: Telnet console listening on 127.0.0.1:6023
2019-07-25 18:22:47 [scrapy.core.engine] INFO: Closing spider (finished)
2019-07-25 18:22:47 [scrapy.statscollectors] INFO: Dumping Scrapy stats:
{'downloader/request_bytes': 3424,
 'downloader/request_count': 11,
 'downloader/request_method_count/GET': 11,
 'downloader/response_bytes': 131043,
 'downloader/response_count': 11,
 'downloader/response_status_count/200': 11,
 'elapsed_time_seconds': 30.452098,
 'finish_reason': 'finished',
 'finish_time': datetime.datetime(2019, 7, 25, 10, 22, 47, 923740),
 'item_scraped_count': 250,
 'log_count/INFO': 11,
 'memusage/max': 54792192,
 'memusage/startup': 54792192,
 'response_received_count': 11,
 'robotstxt/request_count': 1,
 'robotstxt/response_count': 1,
 'robotstxt/response_status_count/200': 1,
 'scheduler/dequeued': 10,
 'scheduler/dequeued/memory': 10,
 'scheduler/enqueued': 10,
 'scheduler/enqueued/memory': 10,
 'start_time': datetime.datetime(2019, 7, 25, 10, 22, 17, 471642)}
2019-07-25 18:22:47 [scrapy.core.engine] INFO: Spider closed (finished)
2019-07-25 18:28:02 [scrapy.utils.log] INFO: Scrapy 1.7.2 started (bot: py_spiders)
2019-07-25 18:28:03 [scrapy.utils.log] INFO: Versions: lxml 4.3.4.0, libxml2 2.9.9, cssselect 1.0.3, parsel 1.5.1, w3lib 1.20.0, Twisted 19.2.1, Python 3.7.4 (default, Jul  9 2019, 18:14:44) - [Clang 9.0.0 (clang-900.0.39.2)], pyOpenSSL 19.0.0 (OpenSSL 1.1.1c  28 May 2019), cryptography 2.7, Platform Darwin-16.7.0-x86_64-i386-64bit
2019-07-25 18:28:03 [scrapy.crawler] INFO: Overridden settings: {'BOT_NAME': 'py_spiders', 'LOG_FILE': 'spider.log', 'LOG_LEVEL': 'INFO', 'NEWSPIDER_MODULE': 'py_spiders.spiders', 'ROBOTSTXT_OBEY': True, 'SPIDER_MODULES': ['py_spiders.spiders'], 'USER_AGENT': 'Mozilla/5.0 (Windows NT 10.0; WOW64) AppleWebKit/537.36 (KHTML, like Gecko) Chrome/69.0.3493.3 Safari/537.36'}
2019-07-25 18:28:03 [scrapy.extensions.telnet] INFO: Telnet Password: 705050ad0a4128da
2019-07-25 18:28:03 [scrapy.middleware] INFO: Enabled extensions:
['scrapy.extensions.corestats.CoreStats',
 'scrapy.extensions.telnet.TelnetConsole',
 'scrapy.extensions.memusage.MemoryUsage',
 'scrapy.extensions.logstats.LogStats']
2019-07-25 18:28:03 [scrapy.middleware] INFO: Enabled downloader middlewares:
['scrapy.downloadermiddlewares.robotstxt.RobotsTxtMiddleware',
 'scrapy.downloadermiddlewares.httpauth.HttpAuthMiddleware',
 'scrapy.downloadermiddlewares.downloadtimeout.DownloadTimeoutMiddleware',
 'scrapy.downloadermiddlewares.defaultheaders.DefaultHeadersMiddleware',
 'scrapy.downloadermiddlewares.useragent.UserAgentMiddleware',
 'py_spiders.middlewares.PySpidersDownloaderMiddleware',
 'scrapy.downloadermiddlewares.retry.RetryMiddleware',
 'scrapy.downloadermiddlewares.redirect.MetaRefreshMiddleware',
 'scrapy.downloadermiddlewares.httpcompression.HttpCompressionMiddleware',
 'scrapy.downloadermiddlewares.redirect.RedirectMiddleware',
 'scrapy.downloadermiddlewares.cookies.CookiesMiddleware',
 'scrapy.downloadermiddlewares.httpproxy.HttpProxyMiddleware',
 'scrapy.downloadermiddlewares.stats.DownloaderStats']
2019-07-25 18:28:03 [scrapy.middleware] INFO: Enabled spider middlewares:
['scrapy.spidermiddlewares.httperror.HttpErrorMiddleware',
 'scrapy.spidermiddlewares.offsite.OffsiteMiddleware',
 'scrapy.spidermiddlewares.referer.RefererMiddleware',
 'scrapy.spidermiddlewares.urllength.UrlLengthMiddleware',
 'scrapy.spidermiddlewares.depth.DepthMiddleware']
2019-07-25 18:28:04 [scrapy.middleware] INFO: Enabled item pipelines:
['py_spiders.pipelines.DouBan250JsonPipeline',
 'py_spiders.pipelines.DoubanmovieSqlPipeline']
2019-07-25 18:28:04 [scrapy.core.engine] INFO: Spider opened
2019-07-25 18:28:04 [scrapy.extensions.logstats] INFO: Crawled 0 pages (at 0 pages/min), scraped 0 items (at 0 items/min)
2019-07-25 18:28:04 [douban250] INFO: Spider opened: douban250
2019-07-25 18:28:04 [scrapy.extensions.telnet] INFO: Telnet console listening on 127.0.0.1:6023
2019-07-25 18:28:42 [scrapy.core.engine] INFO: Closing spider (finished)
2019-07-25 18:28:42 [scrapy.statscollectors] INFO: Dumping Scrapy stats:
{'downloader/request_bytes': 3424,
 'downloader/request_count': 11,
 'downloader/request_method_count/GET': 11,
 'downloader/response_bytes': 131054,
 'downloader/response_count': 11,
 'downloader/response_status_count/200': 11,
 'elapsed_time_seconds': 38.301949,
 'finish_reason': 'finished',
 'finish_time': datetime.datetime(2019, 7, 25, 10, 28, 42, 719161),
 'item_scraped_count': 250,
 'log_count/INFO': 11,
 'memusage/max': 54861824,
 'memusage/startup': 54861824,
 'response_received_count': 11,
 'robotstxt/request_count': 1,
 'robotstxt/response_count': 1,
 'robotstxt/response_status_count/200': 1,
 'scheduler/dequeued': 10,
 'scheduler/dequeued/memory': 10,
 'scheduler/enqueued': 10,
 'scheduler/enqueued/memory': 10,
 'start_time': datetime.datetime(2019, 7, 25, 10, 28, 4, 417212)}
2019-07-25 18:28:42 [scrapy.core.engine] INFO: Spider closed (finished)
2019-07-25 18:31:46 [scrapy.utils.log] INFO: Scrapy 1.7.2 started (bot: py_spiders)
2019-07-25 18:31:46 [scrapy.utils.log] INFO: Versions: lxml 4.3.4.0, libxml2 2.9.9, cssselect 1.0.3, parsel 1.5.1, w3lib 1.20.0, Twisted 19.2.1, Python 3.7.4 (default, Jul  9 2019, 18:14:44) - [Clang 9.0.0 (clang-900.0.39.2)], pyOpenSSL 19.0.0 (OpenSSL 1.1.1c  28 May 2019), cryptography 2.7, Platform Darwin-16.7.0-x86_64-i386-64bit
2019-07-25 18:31:46 [scrapy.crawler] INFO: Overridden settings: {'BOT_NAME': 'py_spiders', 'LOG_FILE': 'spider.log', 'LOG_LEVEL': 'INFO', 'NEWSPIDER_MODULE': 'py_spiders.spiders', 'ROBOTSTXT_OBEY': True, 'SPIDER_MODULES': ['py_spiders.spiders'], 'USER_AGENT': 'Mozilla/5.0 (Windows NT 10.0; WOW64) AppleWebKit/537.36 (KHTML, like Gecko) Chrome/69.0.3493.3 Safari/537.36'}
2019-07-25 18:31:47 [scrapy.extensions.telnet] INFO: Telnet Password: d2632ed4fa1556ed
2019-07-25 18:31:47 [scrapy.middleware] INFO: Enabled extensions:
['scrapy.extensions.corestats.CoreStats',
 'scrapy.extensions.telnet.TelnetConsole',
 'scrapy.extensions.memusage.MemoryUsage',
 'scrapy.extensions.logstats.LogStats']
2019-07-25 18:31:48 [scrapy.middleware] INFO: Enabled downloader middlewares:
['scrapy.downloadermiddlewares.robotstxt.RobotsTxtMiddleware',
 'scrapy.downloadermiddlewares.httpauth.HttpAuthMiddleware',
 'scrapy.downloadermiddlewares.downloadtimeout.DownloadTimeoutMiddleware',
 'scrapy.downloadermiddlewares.defaultheaders.DefaultHeadersMiddleware',
 'scrapy.downloadermiddlewares.useragent.UserAgentMiddleware',
 'py_spiders.middlewares.PySpidersDownloaderMiddleware',
 'scrapy.downloadermiddlewares.retry.RetryMiddleware',
 'scrapy.downloadermiddlewares.redirect.MetaRefreshMiddleware',
 'scrapy.downloadermiddlewares.httpcompression.HttpCompressionMiddleware',
 'scrapy.downloadermiddlewares.redirect.RedirectMiddleware',
 'scrapy.downloadermiddlewares.cookies.CookiesMiddleware',
 'scrapy.downloadermiddlewares.httpproxy.HttpProxyMiddleware',
 'scrapy.downloadermiddlewares.stats.DownloaderStats']
2019-07-25 18:31:48 [scrapy.middleware] INFO: Enabled spider middlewares:
['scrapy.spidermiddlewares.httperror.HttpErrorMiddleware',
 'scrapy.spidermiddlewares.offsite.OffsiteMiddleware',
 'scrapy.spidermiddlewares.referer.RefererMiddleware',
 'scrapy.spidermiddlewares.urllength.UrlLengthMiddleware',
 'scrapy.spidermiddlewares.depth.DepthMiddleware']
2019-07-25 18:31:49 [scrapy.middleware] INFO: Enabled item pipelines:
['py_spiders.pipelines.DouBan250JsonPipeline',
 'py_spiders.pipelines.DoubanmovieSqlPipeline']
2019-07-25 18:31:49 [scrapy.core.engine] INFO: Spider opened
2019-07-25 18:31:49 [scrapy.extensions.logstats] INFO: Crawled 0 pages (at 0 pages/min), scraped 0 items (at 0 items/min)
2019-07-25 18:31:49 [douban250] INFO: Spider opened: douban250
2019-07-25 18:31:49 [scrapy.extensions.telnet] INFO: Telnet console listening on 127.0.0.1:6023
2019-07-25 18:31:52 [scrapy.core.engine] INFO: Closing spider (finished)
2019-07-25 18:31:52 [scrapy.statscollectors] INFO: Dumping Scrapy stats:
{'downloader/request_bytes': 3424,
 'downloader/request_count': 11,
 'downloader/request_method_count/GET': 11,
 'downloader/response_bytes': 131053,
 'downloader/response_count': 11,
 'downloader/response_status_count/200': 11,
 'elapsed_time_seconds': 2.991985,
 'finish_reason': 'finished',
 'finish_time': datetime.datetime(2019, 7, 25, 10, 31, 52, 147556),
 'item_scraped_count': 250,
 'log_count/INFO': 11,
 'memusage/max': 53899264,
 'memusage/startup': 53899264,
 'response_received_count': 11,
 'robotstxt/request_count': 1,
 'robotstxt/response_count': 1,
 'robotstxt/response_status_count/200': 1,
 'scheduler/dequeued': 10,
 'scheduler/dequeued/memory': 10,
 'scheduler/enqueued': 10,
 'scheduler/enqueued/memory': 10,
 'start_time': datetime.datetime(2019, 7, 25, 10, 31, 49, 155571)}
2019-07-25 18:31:52 [scrapy.core.engine] INFO: Spider closed (finished)
2019-07-25 18:32:49 [scrapy.utils.log] INFO: Scrapy 1.7.2 started (bot: py_spiders)
2019-07-25 18:32:49 [scrapy.utils.log] INFO: Versions: lxml 4.3.4.0, libxml2 2.9.9, cssselect 1.0.3, parsel 1.5.1, w3lib 1.20.0, Twisted 19.2.1, Python 3.7.4 (default, Jul  9 2019, 18:14:44) - [Clang 9.0.0 (clang-900.0.39.2)], pyOpenSSL 19.0.0 (OpenSSL 1.1.1c  28 May 2019), cryptography 2.7, Platform Darwin-16.7.0-x86_64-i386-64bit
2019-07-25 18:32:49 [scrapy.crawler] INFO: Overridden settings: {'BOT_NAME': 'py_spiders', 'LOG_FILE': 'spider.log', 'LOG_LEVEL': 'INFO', 'NEWSPIDER_MODULE': 'py_spiders.spiders', 'ROBOTSTXT_OBEY': True, 'SPIDER_MODULES': ['py_spiders.spiders'], 'USER_AGENT': 'Mozilla/5.0 (Windows NT 10.0; WOW64) AppleWebKit/537.36 (KHTML, like Gecko) Chrome/69.0.3493.3 Safari/537.36'}
2019-07-25 18:32:49 [scrapy.extensions.telnet] INFO: Telnet Password: 61533deb8a01699e
2019-07-25 18:32:49 [scrapy.middleware] INFO: Enabled extensions:
['scrapy.extensions.corestats.CoreStats',
 'scrapy.extensions.telnet.TelnetConsole',
 'scrapy.extensions.memusage.MemoryUsage',
 'scrapy.extensions.logstats.LogStats']
2019-07-25 18:32:49 [scrapy.middleware] INFO: Enabled downloader middlewares:
['scrapy.downloadermiddlewares.robotstxt.RobotsTxtMiddleware',
 'scrapy.downloadermiddlewares.httpauth.HttpAuthMiddleware',
 'scrapy.downloadermiddlewares.downloadtimeout.DownloadTimeoutMiddleware',
 'scrapy.downloadermiddlewares.defaultheaders.DefaultHeadersMiddleware',
 'scrapy.downloadermiddlewares.useragent.UserAgentMiddleware',
 'py_spiders.middlewares.PySpidersDownloaderMiddleware',
 'scrapy.downloadermiddlewares.retry.RetryMiddleware',
 'scrapy.downloadermiddlewares.redirect.MetaRefreshMiddleware',
 'scrapy.downloadermiddlewares.httpcompression.HttpCompressionMiddleware',
 'scrapy.downloadermiddlewares.redirect.RedirectMiddleware',
 'scrapy.downloadermiddlewares.cookies.CookiesMiddleware',
 'scrapy.downloadermiddlewares.httpproxy.HttpProxyMiddleware',
 'scrapy.downloadermiddlewares.stats.DownloaderStats']
2019-07-25 18:32:49 [scrapy.middleware] INFO: Enabled spider middlewares:
['scrapy.spidermiddlewares.httperror.HttpErrorMiddleware',
 'scrapy.spidermiddlewares.offsite.OffsiteMiddleware',
 'scrapy.spidermiddlewares.referer.RefererMiddleware',
 'scrapy.spidermiddlewares.urllength.UrlLengthMiddleware',
 'scrapy.spidermiddlewares.depth.DepthMiddleware']
2019-07-25 18:32:50 [scrapy.middleware] INFO: Enabled item pipelines:
['py_spiders.pipelines.DouBan250JsonPipeline',
 'py_spiders.pipelines.DoubanmovieSqlPipeline']
2019-07-25 18:32:50 [scrapy.core.engine] INFO: Spider opened
2019-07-25 18:32:50 [scrapy.extensions.logstats] INFO: Crawled 0 pages (at 0 pages/min), scraped 0 items (at 0 items/min)
2019-07-25 18:32:50 [douban250] INFO: Spider opened: douban250
2019-07-25 18:32:50 [scrapy.extensions.telnet] INFO: Telnet console listening on 127.0.0.1:6023
2019-07-25 18:33:31 [scrapy.core.engine] INFO: Closing spider (finished)
2019-07-25 18:33:31 [scrapy.statscollectors] INFO: Dumping Scrapy stats:
{'downloader/request_bytes': 3424,
 'downloader/request_count': 11,
 'downloader/request_method_count/GET': 11,
 'downloader/response_bytes': 131452,
 'downloader/response_count': 11,
 'downloader/response_status_count/200': 11,
 'elapsed_time_seconds': 41.571034,
 'finish_reason': 'finished',
 'finish_time': datetime.datetime(2019, 7, 25, 10, 33, 31, 702220),
 'item_scraped_count': 250,
 'log_count/INFO': 11,
 'memusage/max': 54824960,
 'memusage/startup': 54824960,
 'response_received_count': 11,
 'robotstxt/request_count': 1,
 'robotstxt/response_count': 1,
 'robotstxt/response_status_count/200': 1,
 'scheduler/dequeued': 10,
 'scheduler/dequeued/memory': 10,
 'scheduler/enqueued': 10,
 'scheduler/enqueued/memory': 10,
 'start_time': datetime.datetime(2019, 7, 25, 10, 32, 50, 131186)}
2019-07-25 18:33:31 [scrapy.core.engine] INFO: Spider closed (finished)
